C:\Users\RJmillano\source\chatbot\app\app\routes\index.js
C:\Users\RJmillano\source\chatbot\app\app\routes\index.js.map
C:\Users\RJmillano\source\chatbot\app\app\routes\user.js
C:\Users\RJmillano\source\chatbot\app\app\routes\user.js.map
C:\Users\RJmillano\source\chatbot\app\app\app.js
C:\Users\RJmillano\source\chatbot\app\app\app.js.map
C:\Users\RJmillano\source\chatbot\app\app\routes\index.js
C:\Users\RJmillano\source\chatbot\app\app\routes\index.js.map
C:\Users\RJmillano\source\chatbot\app\app\routes\user.js
C:\Users\RJmillano\source\chatbot\app\app\routes\user.js.map
C:\Users\RJmillano\source\chatbot\app\app\app.js
C:\Users\RJmillano\source\chatbot\app\app\app.js.map
C:\Users\RJmillano\source\chatbot\app\app\app.js
C:\Users\RJmillano\source\chatbot\app\app\app.js.map
C:\Users\RJmillano\source\chatbot\app\app\routes\index.js
C:\Users\RJmillano\source\chatbot\app\app\routes\index.js.map
C:\Users\RJmillano\source\chatbot\app\app\routes\user.js
C:\Users\RJmillano\source\chatbot\app\app\routes\user.js.map
C:\Users\RJmillano\source\chatbot\app\app\app.js
C:\Users\RJmillano\source\chatbot\app\app\app.js.map
C:\Users\RJmillano\source\chatbot\app\app\routes\index.js
C:\Users\RJmillano\source\chatbot\app\app\routes\index.js.map
C:\Users\RJmillano\source\chatbot\app\app\routes\user.js
C:\Users\RJmillano\source\chatbot\app\app\routes\user.js.map
C:\Users\RJmillano\source\chatbot\app\app\app.js
C:\Users\RJmillano\source\chatbot\app\app\app.js.map
C:\Users\RJmillano\source\chatbot\app\app\routes\index.js
C:\Users\RJmillano\source\chatbot\app\app\routes\index.js.map
C:\Users\RJmillano\source\chatbot\app\app\routes\user.js
C:\Users\RJmillano\source\chatbot\app\app\routes\user.js.map
C:\Users\RJmillano\source\chatbot\app\app\app.js
C:\Users\RJmillano\source\chatbot\app\app\app.js.map
C:\Users\RJmillano\source\chatbot\app\app\routes\index.js
C:\Users\RJmillano\source\chatbot\app\app\routes\index.js.map
C:\Users\RJmillano\source\chatbot\app\app\routes\user.js
C:\Users\RJmillano\source\chatbot\app\app\routes\user.js.map
C:\Users\RJmillano\source\chatbot\app\app\app.js
C:\Users\RJmillano\source\chatbot\app\app\app.js.map
C:\Users\RJmillano\source\chatbot\app\app\routes\index.js
C:\Users\RJmillano\source\chatbot\app\app\routes\index.js.map
C:\Users\RJmillano\source\chatbot\app\app\routes\user.js
C:\Users\RJmillano\source\chatbot\app\app\routes\user.js.map
C:\Users\RJmillano\source\chatbot\app\app\app.js
C:\Users\RJmillano\source\chatbot\app\app\app.js.map
C:\Users\RJmillano\source\chatbot\app\app\routes\index.js
C:\Users\RJmillano\source\chatbot\app\app\routes\index.js.map
C:\Users\RJmillano\source\chatbot\app\app\routes\user.js
C:\Users\RJmillano\source\chatbot\app\app\routes\user.js.map
C:\Users\RJmillano\source\chatbot\app\app\app.js
C:\Users\RJmillano\source\chatbot\app\app\app.js.map
C:\Users\RJmillano\source\chatbot\app\app\routes\index.js
C:\Users\RJmillano\source\chatbot\app\app\routes\index.js.map
C:\Users\RJmillano\source\chatbot\app\app\routes\user.js
C:\Users\RJmillano\source\chatbot\app\app\routes\user.js.map
C:\Users\RJmillano\source\chatbot\app\app\app.js
C:\Users\RJmillano\source\chatbot\app\app\app.js.map
C:\Users\RJmillano\source\chatbot\app\app\routes\index.js
C:\Users\RJmillano\source\chatbot\app\app\routes\index.js.map
C:\Users\RJmillano\source\chatbot\app\app\routes\user.js
C:\Users\RJmillano\source\chatbot\app\app\routes\user.js.map
C:\Users\RJmillano\source\chatbot\app\app\app.js
C:\Users\RJmillano\source\chatbot\app\app\app.js.map
C:\Users\RJmillano\source\chatbot\app\app\routes\index.js
C:\Users\RJmillano\source\chatbot\app\app\routes\index.js.map
C:\Users\RJmillano\source\chatbot\app\app\routes\user.js
C:\Users\RJmillano\source\chatbot\app\app\routes\user.js.map
C:\Users\RJmillano\source\chatbot\app\app\app.js
C:\Users\RJmillano\source\chatbot\app\app\app.js.map
C:\Users\RJmillano\source\chatbot\app\app\routes\index.js
C:\Users\RJmillano\source\chatbot\app\app\routes\index.js.map
C:\Users\RJmillano\source\chatbot\app\app\routes\user.js
C:\Users\RJmillano\source\chatbot\app\app\routes\user.js.map
C:\Users\RJmillano\source\chatbot\app\app\app.js
C:\Users\RJmillano\source\chatbot\app\app\app.js.map
C:\Users\RJmillano\source\chatbot\app\app\routes\index.js
C:\Users\RJmillano\source\chatbot\app\app\routes\index.js.map
C:\Users\RJmillano\source\chatbot\app\app\routes\user.js
C:\Users\RJmillano\source\chatbot\app\app\routes\user.js.map
C:\Users\RJmillano\source\chatbot\app\app\app.js
C:\Users\RJmillano\source\chatbot\app\app\app.js.map
C:\Users\RJmillano\source\chatbot\app\app\routes\index.js
C:\Users\RJmillano\source\chatbot\app\app\routes\index.js.map
C:\Users\RJmillano\source\chatbot\app\app\routes\user.js
C:\Users\RJmillano\source\chatbot\app\app\routes\user.js.map
C:\Users\RJmillano\source\chatbot\app\app\app.js
C:\Users\RJmillano\source\chatbot\app\app\app.js.map
C:\Users\RJmillano\source\chatbot\app\app\routes\index.js
C:\Users\RJmillano\source\chatbot\app\app\routes\index.js.map
C:\Users\RJmillano\source\chatbot\app\app\routes\user.js
C:\Users\RJmillano\source\chatbot\app\app\routes\user.js.map
C:\Users\RJmillano\source\chatbot\app\app\app.js
C:\Users\RJmillano\source\chatbot\app\app\app.js.map
C:\Users\RJmillano\source\chatbot\app\app\routes\index.js
C:\Users\RJmillano\source\chatbot\app\app\routes\index.js.map
C:\Users\RJmillano\source\chatbot\app\app\routes\user.js
C:\Users\RJmillano\source\chatbot\app\app\routes\user.js.map
C:\Users\RJmillano\source\chatbot\app\app\app.js
C:\Users\RJmillano\source\chatbot\app\app\app.js.map
C:\Users\RJmillano\source\chatbot\app\app\routes\index.js
C:\Users\RJmillano\source\chatbot\app\app\routes\index.js.map
C:\Users\RJmillano\source\chatbot\app\app\routes\user.js
C:\Users\RJmillano\source\chatbot\app\app\routes\user.js.map
C:\Users\RJmillano\source\chatbot\app\app\app.js
C:\Users\RJmillano\source\chatbot\app\app\app.js.map
C:\Users\RJmillano\source\chatbot\app\app\routes\index.js
C:\Users\RJmillano\source\chatbot\app\app\routes\index.js.map
C:\Users\RJmillano\source\chatbot\app\app\routes\user.js
C:\Users\RJmillano\source\chatbot\app\app\routes\user.js.map
